<?xml version="1.0" encoding="UTF-8"?>
<!-- Generated by org.testng.reporters.JUnitXMLReporter -->
<testsuite hostname="quanrong-PC" name="TEST" tests="1" failures="1" timestamp="17 Mar 2015 06:41:21 GMT" time="18.752" errors="0">
  <testcase name="searchTest" time="6.755" classname="com.zhongzheng.selenium.Test.IndexTest">
    <failure type="net.sf.cglib.core.CodeGenerationException" message="org.openqa.selenium.NoSuchElementException--&amp;gt;Unable to find element with id == ww (WARNING: The server did not provide any stacktrace information)
Command duration or timeout: 1.21 seconds
For documentation on this error, please visit: http://seleniumhq.org/exceptions/no_such_element.html
Build info: version: &amp;apos;2.21.0&amp;apos;, revision: &amp;apos;16552&amp;apos;, time: &amp;apos;2012-04-11 19:08:38&amp;apos;
System info: os.name: &amp;apos;Windows 7&amp;apos;, os.arch: &amp;apos;x86&amp;apos;, os.version: &amp;apos;6.1&amp;apos;, java.version: &amp;apos;1.8.0_40&amp;apos;
Driver info: driver.version: RemoteWebDriver">
      <![CDATA[net.sf.cglib.core.CodeGenerationException: org.openqa.selenium.NoSuchElementException-->Unable to find element with id == ww (WARNING: The server did not provide any stacktrace information)
Command duration or timeout: 1.21 seconds
For documentation on this error, please visit: http://seleniumhq.org/exceptions/no_such_element.html
Build info: version: '2.21.0', revision: '16552', time: '2012-04-11 19:08:38'
System info: os.name: 'Windows 7', os.arch: 'x86', os.version: '6.1', java.version: '1.8.0_40'
Driver info: driver.version: RemoteWebDriver
	at net.sf.cglib.core.ReflectUtils.newInstance(ReflectUtils.java:235)
	at net.sf.cglib.core.ReflectUtils.newInstance(ReflectUtils.java:220)
	at net.sf.cglib.proxy.Enhancer.createUsingReflection(Enhancer.java:636)
	at net.sf.cglib.proxy.Enhancer.firstInstance(Enhancer.java:538)
	at net.sf.cglib.core.AbstractClassGenerator.create(AbstractClassGenerator.java:225)
	at net.sf.cglib.proxy.Enhancer.createHelper(Enhancer.java:377)
	at net.sf.cglib.proxy.Enhancer.create(Enhancer.java:304)
	at com.baidu.selenium.page.factory.PageFactory.instantiatePageViaEnhancer(PageFactory.java:195)
	at com.baidu.selenium.page.factory.PageFactory.instantiatePage(PageFactory.java:148)
	at com.baidu.selenium.page.factory.PageFactory.instantiatePage(PageFactory.java:105)
	at com.baidu.selenium.page.factory.PageFactory.createPage(PageFactory.java:57)
	at com.zhongzheng.selenium.Test.IndexTest.searchTest(IndexTest.java:32)
	at java.util.concurrent.FutureTask.run(Unknown Source)
	at java.util.concurrent.ThreadPoolExecutor.runWorker(Unknown Source)
	at java.util.concurrent.ThreadPoolExecutor$Worker.run(Unknown Source)
	at java.lang.Thread.run(Unknown Source)
Caused by: org.openqa.selenium.NoSuchElementException: Unable to find element with id == ww (WARNING: The server did not provide any stacktrace information)
Command duration or timeout: 1.21 seconds
For documentation on this error, please visit: http://seleniumhq.org/exceptions/no_such_element.html
Build info: version: '2.21.0', revision: '16552', time: '2012-04-11 19:08:38'
System info: os.name: 'Windows 7', os.arch: 'x86', os.version: '6.1', java.version: '1.8.0_40'
Driver info: driver.version: RemoteWebDriver
	at org.openqa.selenium.remote.ErrorHandler.createThrowable(ErrorHandler.java:175)
	at org.openqa.selenium.remote.ErrorHandler.throwIfResponseFailed(ErrorHandler.java:128)
	at org.openqa.selenium.remote.RemoteWebDriver.execute(RemoteWebDriver.java:459)
	at org.openqa.selenium.remote.RemoteWebDriver.findElement(RemoteWebDriver.java:227)
	at org.openqa.selenium.remote.RemoteWebDriver.findElementById(RemoteWebDriver.java:256)
	at org.openqa.selenium.By$ById.findElement(By.java:216)
	at org.openqa.selenium.remote.RemoteWebDriver.findElement(RemoteWebDriver.java:219)
	at com.baidu.selenium.page.Page.findElement(Page.java:74)
	at com.zhongzheng.selenium.Page.IndexPage$$EnhancerByCGLIB$$3f559cde.CGLIB$findElement$4(<generated>)
	at com.zhongzheng.selenium.Page.IndexPage$$EnhancerByCGLIB$$3f559cde$$FastClassByCGLIB$$ce049add.invoke(<generated>)
	at net.sf.cglib.proxy.MethodProxy.invokeSuper(MethodProxy.java:167)
	at com.baidu.selenium.intercepte.MethodInterceptControllerList.intercept(MethodInterceptControllerList.java:57)
	at com.zhongzheng.selenium.Page.IndexPage$$EnhancerByCGLIB$$3f559cde.findElement(<generated>)
	at com.zhongzheng.selenium.Page.IndexPage.<init>(IndexPage.java:31)
	at com.zhongzheng.selenium.Page.IndexPage$$EnhancerByCGLIB$$3f559cde.<init>(<generated>)
	at net.sf.cglib.core.ReflectUtils.newInstance(ReflectUtils.java:228)
	... 31 more
... Removed 24 stack frames]]>
    </failure>
  </testcase> <!-- searchTest -->
</testsuite> <!-- TEST -->
