<html>
<head>
<title>TestNG:  TEST</title>
<link href="../testng.css" rel="stylesheet" type="text/css" />
<link href="../my-testng.css" rel="stylesheet" type="text/css" />

<style type="text/css">
.log { display: none;} 
.stack-trace { display: none;} 
</style>
<script type="text/javascript">
<!--
function flip(e) {
  current = e.style.display;
  if (current == 'block') {
    e.style.display = 'none';
    return 0;
  }
  else {
    e.style.display = 'block';
    return 1;
  }
}

function toggleBox(szDivId, elem, msg1, msg2)
{
  var res = -1;  if (document.getElementById) {
    res = flip(document.getElementById(szDivId));
  }
  else if (document.all) {
    // this is the way old msie versions work
    res = flip(document.all[szDivId]);
  }
  if(elem) {
    if(res == 0) elem.innerHTML = msg1; else elem.innerHTML = msg2;
  }

}

function toggleAllBoxes() {
  if (document.getElementsByTagName) {
    d = document.getElementsByTagName('div');
    for (i = 0; i < d.length; i++) {
      if (d[i].className == 'log') {
        flip(d[i]);
      }
    }
  }
}

// -->
</script>

</head>
<body>
<h2 align='center'>TEST</h2><table border='1' align="center">
<tr>
<td>Tests passed/Failed/Skipped:</td><td>0/1/0</td>
</tr><tr>
<td>Started on:</td><td>Tue Mar 17 14:41:02 CST 2015</td>
</tr>
<tr><td>Total time:</td><td>18 seconds (18752 ms)</td>
</tr><tr>
<td>Included groups:</td><td>CheckIn </td>
</tr><tr>
<td>Excluded groups:</td><td>DEPRECATED </td>
</tr>
</table><p/>
<small><i>(Hover the method name to see the test class name)</i></small><p/>
<table width='100%' border='1' class='invocation-failed'>
<tr><td colspan='4' align='center'><b>FAILED TESTS</b></td></tr>
<tr><td><b>Test method</b></td>
<td width="30%"><b>Exception</b></td>
<td width="10%"><b>Time (seconds)</b></td>
<td><b>Instance</b></td>
</tr>
<tr>
<td title='com.zhongzheng.selenium.Test.IndexTest.searchTest()'><b>searchTest</b><br>Test class: com.zhongzheng.selenium.Test.IndexTest</td>
<td><div><pre>net.sf.cglib.core.CodeGenerationException: org.openqa.selenium.NoSuchElementException--&gt;Unable to find element with id == ww (WARNING: The server did not provide any stacktrace information)
Command duration or timeout: 1.21 seconds
For documentation on this error, please visit: http://seleniumhq.org/exceptions/no_such_element.html
Build info: version: &apos;2.21.0&apos;, revision: &apos;16552&apos;, time: &apos;2012-04-11 19:08:38&apos;
System info: os.name: &apos;Windows 7&apos;, os.arch: &apos;x86&apos;, os.version: &apos;6.1&apos;, java.version: &apos;1.8.0_40&apos;
Driver info: driver.version: RemoteWebDriver
	at net.sf.cglib.core.ReflectUtils.newInstance(ReflectUtils.java:235)
	at net.sf.cglib.core.ReflectUtils.newInstance(ReflectUtils.java:220)
	at net.sf.cglib.proxy.Enhancer.createUsingReflection(Enhancer.java:636)
	at net.sf.cglib.proxy.Enhancer.firstInstance(Enhancer.java:538)
	at net.sf.cglib.core.AbstractClassGenerator.create(AbstractClassGenerator.java:225)
	at net.sf.cglib.proxy.Enhancer.createHelper(Enhancer.java:377)
	at net.sf.cglib.proxy.Enhancer.create(Enhancer.java:304)
	at com.baidu.selenium.page.factory.PageFactory.instantiatePageViaEnhancer(PageFactory.java:195)
	at com.baidu.selenium.page.factory.PageFactory.instantiatePage(PageFactory.java:148)
	at com.baidu.selenium.page.factory.PageFactory.instantiatePage(PageFactory.java:105)
	at com.baidu.selenium.page.factory.PageFactory.createPage(PageFactory.java:57)
	at com.zhongzheng.selenium.Test.IndexTest.searchTest(IndexTest.java:32)
	at java.util.concurrent.FutureTask.run(Unknown Source)
	at java.util.concurrent.ThreadPoolExecutor.runWorker(Unknown Source)
	at java.util.concurrent.ThreadPoolExecutor$Worker.run(Unknown Source)
	at java.lang.Thread.run(Unknown Source)
Caused by: org.openqa.selenium.NoSuchElementException: Unable to find element with id == ww (WARNING: The server did not provide any stacktrace information)
Command duration or timeout: 1.21 seconds
For documentation on this error, please visit: http://seleniumhq.org/exceptions/no_such_element.html
Build info: version: &apos;2.21.0&apos;, revision: &apos;16552&apos;, time: &apos;2012-04-11 19:08:38&apos;
System info: os.name: &apos;Windows 7&apos;, os.arch: &apos;x86&apos;, os.version: &apos;6.1&apos;, java.version: &apos;1.8.0_40&apos;
Driver info: driver.version: RemoteWebDriver
	at org.openqa.selenium.remote.ErrorHandler.createThrowable(ErrorHandler.java:175)
	at org.openqa.selenium.remote.ErrorHandler.throwIfResponseFailed(ErrorHandler.java:128)
	at org.openqa.selenium.remote.RemoteWebDriver.execute(RemoteWebDriver.java:459)
	at org.openqa.selenium.remote.RemoteWebDriver.findElement(RemoteWebDriver.java:227)
	at org.openqa.selenium.remote.RemoteWebDriver.findElementById(RemoteWebDriver.java:256)
	at org.openqa.selenium.By$ById.findElement(By.java:216)
	at org.openqa.selenium.remote.RemoteWebDriver.findElement(RemoteWebDriver.java:219)
	at com.baidu.selenium.page.Page.findElement(Page.java:74)
	at com.zhongzheng.selenium.Page.IndexPage$$EnhancerByCGLIB$$3f559cde.CGLIB$findElement$4(&lt;generated&gt;)
	at com.zhongzheng.selenium.Page.IndexPage$$EnhancerByCGLIB$$3f559cde$$FastClassByCGLIB$$ce049add.invoke(&lt;generated&gt;)
	at net.sf.cglib.proxy.MethodProxy.invokeSuper(MethodProxy.java:167)
	at com.baidu.selenium.intercepte.MethodInterceptControllerList.intercept(MethodInterceptControllerList.java:57)
	at com.zhongzheng.selenium.Page.IndexPage$$EnhancerByCGLIB$$3f559cde.findElement(&lt;generated&gt;)
	at com.zhongzheng.selenium.Page.IndexPage.&lt;init&gt;(IndexPage.java:31)
	at com.zhongzheng.selenium.Page.IndexPage$$EnhancerByCGLIB$$3f559cde.&lt;init&gt;(&lt;generated&gt;)
	at net.sf.cglib.core.ReflectUtils.newInstance(ReflectUtils.java:228)
	... 31 more
... Removed 24 stack frames</pre></div><a href='#' onClick='toggleBox("stack-trace13715492", this, "Click to show all stack frames", "Click to hide stack frames")'>Click to show all stack frames</a>
<div class='stack-trace' id='stack-trace13715492'><pre>net.sf.cglib.core.CodeGenerationException: org.openqa.selenium.NoSuchElementException--&gt;Unable to find element with id == ww (WARNING: The server did not provide any stacktrace information)
Command duration or timeout: 1.21 seconds
For documentation on this error, please visit: http://seleniumhq.org/exceptions/no_such_element.html
Build info: version: &apos;2.21.0&apos;, revision: &apos;16552&apos;, time: &apos;2012-04-11 19:08:38&apos;
System info: os.name: &apos;Windows 7&apos;, os.arch: &apos;x86&apos;, os.version: &apos;6.1&apos;, java.version: &apos;1.8.0_40&apos;
Driver info: driver.version: RemoteWebDriver
	at net.sf.cglib.core.ReflectUtils.newInstance(ReflectUtils.java:235)
	at net.sf.cglib.core.ReflectUtils.newInstance(ReflectUtils.java:220)
	at net.sf.cglib.proxy.Enhancer.createUsingReflection(Enhancer.java:636)
	at net.sf.cglib.proxy.Enhancer.firstInstance(Enhancer.java:538)
	at net.sf.cglib.core.AbstractClassGenerator.create(AbstractClassGenerator.java:225)
	at net.sf.cglib.proxy.Enhancer.createHelper(Enhancer.java:377)
	at net.sf.cglib.proxy.Enhancer.create(Enhancer.java:304)
	at com.baidu.selenium.page.factory.PageFactory.instantiatePageViaEnhancer(PageFactory.java:195)
	at com.baidu.selenium.page.factory.PageFactory.instantiatePage(PageFactory.java:148)
	at com.baidu.selenium.page.factory.PageFactory.instantiatePage(PageFactory.java:105)
	at com.baidu.selenium.page.factory.PageFactory.createPage(PageFactory.java:57)
	at com.zhongzheng.selenium.Test.IndexTest.searchTest(IndexTest.java:32)
	at sun.reflect.NativeMethodAccessorImpl.invoke0(Native Method)
	at sun.reflect.NativeMethodAccessorImpl.invoke(Unknown Source)
	at sun.reflect.DelegatingMethodAccessorImpl.invoke(Unknown Source)
	at java.lang.reflect.Method.invoke(Unknown Source)
	at org.testng.internal.MethodInvocationHelper.invokeMethod(MethodInvocationHelper.java:84)
	at org.testng.internal.Invoker.invokeMethod(Invoker.java:714)
	at org.testng.internal.Invoker.invokeTestMethod(Invoker.java:901)
	at org.testng.internal.Invoker.invokeTestMethods(Invoker.java:1231)
	at org.testng.internal.TestMethodWorker.invokeTestMethods(TestMethodWorker.java:127)
	at org.testng.internal.TestMethodWorker.run(TestMethodWorker.java:111)
	at org.testng.TestRunner.privateRun(TestRunner.java:767)
	at org.testng.TestRunner.run(TestRunner.java:617)
	at org.testng.SuiteRunner.runTest(SuiteRunner.java:334)
	at org.testng.SuiteRunner.access$000(SuiteRunner.java:37)
	at org.testng.SuiteRunner$SuiteWorker.run(SuiteRunner.java:368)
	at org.testng.internal.thread.ThreadUtil$2.call(ThreadUtil.java:64)
	at java.util.concurrent.FutureTask.run(Unknown Source)
	at java.util.concurrent.ThreadPoolExecutor.runWorker(Unknown Source)
	at java.util.concurrent.ThreadPoolExecutor$Worker.run(Unknown Source)
	at java.lang.Thread.run(Unknown Source)
Caused by: org.openqa.selenium.NoSuchElementException: Unable to find element with id == ww (WARNING: The server did not provide any stacktrace information)
Command duration or timeout: 1.21 seconds
For documentation on this error, please visit: http://seleniumhq.org/exceptions/no_such_element.html
Build info: version: &apos;2.21.0&apos;, revision: &apos;16552&apos;, time: &apos;2012-04-11 19:08:38&apos;
System info: os.name: &apos;Windows 7&apos;, os.arch: &apos;x86&apos;, os.version: &apos;6.1&apos;, java.version: &apos;1.8.0_40&apos;
Driver info: driver.version: RemoteWebDriver
	at sun.reflect.NativeConstructorAccessorImpl.newInstance0(Native Method)
	at sun.reflect.NativeConstructorAccessorImpl.newInstance(Unknown Source)
	at sun.reflect.DelegatingConstructorAccessorImpl.newInstance(Unknown Source)
	at java.lang.reflect.Constructor.newInstance(Unknown Source)
	at org.openqa.selenium.remote.ErrorHandler.createThrowable(ErrorHandler.java:175)
	at org.openqa.selenium.remote.ErrorHandler.throwIfResponseFailed(ErrorHandler.java:128)
	at org.openqa.selenium.remote.RemoteWebDriver.execute(RemoteWebDriver.java:459)
	at org.openqa.selenium.remote.RemoteWebDriver.findElement(RemoteWebDriver.java:227)
	at org.openqa.selenium.remote.RemoteWebDriver.findElementById(RemoteWebDriver.java:256)
	at org.openqa.selenium.By$ById.findElement(By.java:216)
	at org.openqa.selenium.remote.RemoteWebDriver.findElement(RemoteWebDriver.java:219)
	at com.baidu.selenium.page.Page.findElement(Page.java:74)
	at com.zhongzheng.selenium.Page.IndexPage$$EnhancerByCGLIB$$3f559cde.CGLIB$findElement$4(&lt;generated&gt;)
	at com.zhongzheng.selenium.Page.IndexPage$$EnhancerByCGLIB$$3f559cde$$FastClassByCGLIB$$ce049add.invoke(&lt;generated&gt;)
	at net.sf.cglib.proxy.MethodProxy.invokeSuper(MethodProxy.java:167)
	at com.baidu.selenium.intercepte.MethodInterceptControllerList.intercept(MethodInterceptControllerList.java:57)
	at com.zhongzheng.selenium.Page.IndexPage$$EnhancerByCGLIB$$3f559cde.findElement(&lt;generated&gt;)
	at com.zhongzheng.selenium.Page.IndexPage.&lt;init&gt;(IndexPage.java:31)
	at com.zhongzheng.selenium.Page.IndexPage$$EnhancerByCGLIB$$3f559cde.&lt;init&gt;(&lt;generated&gt;)
	at sun.reflect.NativeConstructorAccessorImpl.newInstance0(Native Method)
	at sun.reflect.NativeConstructorAccessorImpl.newInstance(Unknown Source)
	at sun.reflect.DelegatingConstructorAccessorImpl.newInstance(Unknown Source)
	at java.lang.reflect.Constructor.newInstance(Unknown Source)
	at net.sf.cglib.core.ReflectUtils.newInstance(ReflectUtils.java:228)
	... 31 more
</pre></div></td>
<td>6</td>
<td>com.zhongzheng.selenium.Test.IndexTest@52a00</td></tr>
</table><p>
</body>
</html>