<?xml version="1.0" encoding="UTF-8"?>
<!-- Generated by com.baidu.selenium.listener.SingleTestJUnitReporter -->
<testsuites>
  <testsuite package="com.zhongzheng.selenium.Test" hostname="quanrong-PC" name="IndexTest" tests="1" failures="1" timestamp="17 Mar 2015 06:41:21 GMT" time="6.755" errors="0">
    <testcase name="searchTest" time="6.755" classname="com.zhongzheng.selenium.Test.IndexTest">
      <failure type="net.sf.cglib.core.CodeGenerationException" message="org.openqa.selenium.NoSuchElementException--&gt;Unable to find element with id == ww (WARNING: The server did not provide any stacktrace information)
Command duration or timeout: 1.21 seconds
For documentation on this error, please visit: http://seleniumhq.org/exceptions/no_such_element.html
Build info: version: &#039;2.21.0&#039;, revision: &#039;16552&#039;, time: &#039;2012-04-11 19:08:38&#039;
System info: os.name: &#039;Windows 7&#039;, os.arch: &#039;x86&#039;, os.version: &#039;6.1&#039;, java.version: &#039;1.8.0_40&#039;
Driver info: driver.version: RemoteWebDriver">
        <![CDATA[net.sf.cglib.core.CodeGenerationException: org.openqa.selenium.NoSuchElementException-->Unable to find element with id == ww (WARNING: The server did not provide any stacktrace information)
Command duration or timeout: 1.21 seconds
For documentation on this error, please visit: http://seleniumhq.org/exceptions/no_such_element.html
Build info: version: '2.21.0', revision: '16552', time: '2012-04-11 19:08:38'
System info: os.name: 'Windows 7', os.arch: 'x86', os.version: '6.1', java.version: '1.8.0_40'
Driver info: driver.version: RemoteWebDriver
	at net.sf.cglib.core.ReflectUtils.newInstance(ReflectUtils.java:235)
	at net.sf.cglib.core.ReflectUtils.newInstance(ReflectUtils.java:220)
	at net.sf.cglib.proxy.Enhancer.createUsingReflection(Enhancer.java:636)
	at net.sf.cglib.proxy.Enhancer.firstInstance(Enhancer.java:538)
	at net.sf.cglib.core.AbstractClassGenerator.create(AbstractClassGenerator.java:225)
	at net.sf.cglib.proxy.Enhancer.createHelper(Enhancer.java:377)
	at net.sf.cglib.proxy.Enhancer.create(Enhancer.java:304)
	at com.baidu.selenium.page.factory.PageFactory.instantiatePageViaEnhancer(PageFactory.java:195)
	at com.baidu.selenium.page.factory.PageFactory.instantiatePage(PageFactory.java:148)
	at com.baidu.selenium.page.factory.PageFactory.instantiatePage(PageFactory.java:105)
	at com.baidu.selenium.page.factory.PageFactory.createPage(PageFactory.java:57)
	at com.zhongzheng.selenium.Test.IndexTest.searchTest(IndexTest.java:32)
	at sun.reflect.NativeMethodAccessorImpl.invoke0(Native Method)
	at sun.reflect.NativeMethodAccessorImpl.invoke(Unknown Source)
	at sun.reflect.DelegatingMethodAccessorImpl.invoke(Unknown Source)
	at java.lang.reflect.Method.invoke(Unknown Source)
	at org.testng.internal.MethodInvocationHelper.invokeMethod(MethodInvocationHelper.java:84)
	at org.testng.internal.Invoker.invokeMethod(Invoker.java:714)
	at org.testng.internal.Invoker.invokeTestMethod(Invoker.java:901)
	at org.testng.internal.Invoker.invokeTestMethods(Invoker.java:1231)
	at org.testng.internal.TestMethodWorker.invokeTestMethods(TestMethodWorker.java:127)
	at org.testng.internal.TestMethodWorker.run(TestMethodWorker.java:111)
	at org.testng.TestRunner.privateRun(TestRunner.java:767)
	at org.testng.TestRunner.run(TestRunner.java:617)
	at org.testng.SuiteRunner.runTest(SuiteRunner.java:334)
	at org.testng.SuiteRunner.access$000(SuiteRunner.java:37)
	at org.testng.SuiteRunner$SuiteWorker.run(SuiteRunner.java:368)
	at org.testng.internal.thread.ThreadUtil$2.call(ThreadUtil.java:64)
	at java.util.concurrent.FutureTask.run(Unknown Source)
	at java.util.concurrent.ThreadPoolExecutor.runWorker(Unknown Source)
	at java.util.concurrent.ThreadPoolExecutor$Worker.run(Unknown Source)
	at java.lang.Thread.run(Unknown Source)
Caused by: org.openqa.selenium.NoSuchElementException: Unable to find element with id == ww (WARNING: The server did not provide any stacktrace information)
Command duration or timeout: 1.21 seconds
For documentation on this error, please visit: http://seleniumhq.org/exceptions/no_such_element.html
Build info: version: '2.21.0', revision: '16552', time: '2012-04-11 19:08:38'
System info: os.name: 'Windows 7', os.arch: 'x86', os.version: '6.1', java.version: '1.8.0_40'
Driver info: driver.version: RemoteWebDriver
	at sun.reflect.NativeConstructorAccessorImpl.newInstance0(Native Method)
	at sun.reflect.NativeConstructorAccessorImpl.newInstance(Unknown Source)
	at sun.reflect.DelegatingConstructorAccessorImpl.newInstance(Unknown Source)
	at java.lang.reflect.Constructor.newInstance(Unknown Source)
	at org.openqa.selenium.remote.ErrorHandler.createThrowable(ErrorHandler.java:175)
	at org.openqa.selenium.remote.ErrorHandler.throwIfResponseFailed(ErrorHandler.java:128)
	at org.openqa.selenium.remote.RemoteWebDriver.execute(RemoteWebDriver.java:459)
	at org.openqa.selenium.remote.RemoteWebDriver.findElement(RemoteWebDriver.java:227)
	at org.openqa.selenium.remote.RemoteWebDriver.findElementById(RemoteWebDriver.java:256)
	at org.openqa.selenium.By$ById.findElement(By.java:216)
	at org.openqa.selenium.remote.RemoteWebDriver.findElement(RemoteWebDriver.java:219)
	at com.baidu.selenium.page.Page.findElement(Page.java:74)
	at com.zhongzheng.selenium.Page.IndexPage$$EnhancerByCGLIB$$3f559cde.CGLIB$findElement$4(<generated>)
	at com.zhongzheng.selenium.Page.IndexPage$$EnhancerByCGLIB$$3f559cde$$FastClassByCGLIB$$ce049add.invoke(<generated>)
	at net.sf.cglib.proxy.MethodProxy.invokeSuper(MethodProxy.java:167)
	at com.baidu.selenium.intercepte.MethodInterceptControllerList.intercept(MethodInterceptControllerList.java:57)
	at com.zhongzheng.selenium.Page.IndexPage$$EnhancerByCGLIB$$3f559cde.findElement(<generated>)
	at com.zhongzheng.selenium.Page.IndexPage.<init>(IndexPage.java:31)
	at com.zhongzheng.selenium.Page.IndexPage$$EnhancerByCGLIB$$3f559cde.<init>(<generated>)
	at sun.reflect.NativeConstructorAccessorImpl.newInstance0(Native Method)
	at sun.reflect.NativeConstructorAccessorImpl.newInstance(Unknown Source)
	at sun.reflect.DelegatingConstructorAccessorImpl.newInstance(Unknown Source)
	at java.lang.reflect.Constructor.newInstance(Unknown Source)
	at net.sf.cglib.core.ReflectUtils.newInstance(ReflectUtils.java:228)
	... 31 more
]]>
      </failure>
    </testcase> <!-- searchTest -->
  </testsuite> <!-- IndexTest -->
</testsuites>
